d:\ggis\ggis\build\x64\debug\layerattributetabledialog.obj
d:\ggis\ggis\build\x64\debug\geomultipoint.obj
d:\ggis\ggis\build\x64\debug\geofeaturelayer.obj
d:\ggis\ggis\build\x64\debug\glcall.obj
d:\ggis\ggis\build\x64\debug\env.obj
d:\ggis\ggis\build\x64\debug\utility.obj
d:\ggis\ggis\build\x64\debug\openglwidget.obj
d:\ggis\ggis\build\x64\debug\viewlogdialog.obj
d:\ggis\ggis\build\x64\debug\geolinearring.obj
d:\ggis\ggis\build\x64\debug\geomultipolygon.obj
d:\ggis\ggis\build\x64\debug\geofeaturelayerproperty.obj
d:\ggis\ggis\build\x64\debug\indexbuffer.obj
d:\ggis\ggis\build\x64\debug\openglfeaturedescriptor.obj
d:\ggis\ggis\build\x64\debug\shader.obj
d:\ggis\ggis\build\x64\debug\layerstreewidget.obj
d:\ggis\ggis\build\x64\debug\whatthisisdialog.obj
d:\ggis\ggis\build\x64\debug\geometry.obj
d:\ggis\ggis\build\x64\debug\geopolygon.obj
d:\ggis\ggis\build\x64\debug\ggis.obj
d:\ggis\ggis\build\x64\debug\colorblockwidget.obj
d:\ggis\ggis\build\x64\debug\statusbar.obj
d:\ggis\ggis\build\x64\debug\geofeature.obj
d:\ggis\ggis\build\x64\debug\geolinestring.obj
d:\ggis\ggis\build\x64\debug\geopoint.obj
d:\ggis\ggis\build\x64\debug\geomap.obj
d:\ggis\ggis\build\x64\debug\appevent.obj
d:\ggis\ggis\build\x64\debug\geo_convert.obj
d:\ggis\ggis\build\x64\debug\layerstyledialog.obj
d:\ggis\ggis\build\x64\debug\renderer.obj
d:\ggis\ggis\build\x64\debug\vertexarray.obj
d:\ggis\ggis\build\x64\debug\vertexbuffer.obj
d:\ggis\ggis\build\x64\debug\operation.obj
d:\ggis\ggis\build\x64\debug\filereader.obj
d:\ggis\ggis\build\x64\debug\geofieldtype.obj
d:\ggis\ggis\build\x64\debug\geogeometrycollection.obj
d:\ggis\ggis\build\x64\debug\geomultilinestring.obj
d:\ggis\ggis\build\x64\debug\gridindex.obj
d:\ggis\ggis\build\x64\debug\main.obj
d:\ggis\ggis\build\x64\debug\operationlist.obj
d:\ggis\ggis\build\x64\debug\geo_math.obj
d:\ggis\ggis\build\x64\debug\layerstreewidgetitem.obj
d:\ggis\ggis\build\x64\debug\toolsbar.obj
d:\ggis\ggis\build\x64\debug\vc140.pdb
d:\ggis\ggis\build\x64\debug\moc_layerstyledialog.obj
d:\ggis\ggis\build\x64\debug\moc_ggis.obj
d:\ggis\ggis\build\x64\debug\moc_toolsbar.obj
d:\ggis\ggis\build\x64\debug\moc_layerstreewidget.obj
d:\ggis\ggis\build\x64\debug\moc_layerattributetabledialog.obj
d:\ggis\ggis\build\x64\debug\moc_openglwidget.obj
d:\ggis\ggis\build\x64\debug\moc_operation.obj
d:\ggis\ggis\build\x64\debug\moc_viewlogdialog.obj
d:\ggis\ggis\build\x64\debug\moc_appevent.obj
d:\ggis\ggis\build\x64\debug\moc_whatthisisdialog.obj
d:\ggis\ggis\build\x64\debug\moc_statusbar.obj
d:\ggis\ggis\build\x64\debug\moc_colorblockwidget.obj
d:\ggis\ggis\build\x64\debug\moc\moc_toolsbar.cpp
d:\ggis\ggis\build\x64\debug\moc\moc_statusbar.cpp
d:\ggis\ggis\build\x64\debug\moc\moc_appevent.cpp
d:\ggis\ggis\build\x64\debug\moc\moc_operation.cpp
d:\ggis\ggis\build\x64\debug\moc\moc_layerattributetabledialog.cpp
d:\ggis\ggis\build\x64\debug\moc\moc_layerstyledialog.cpp
d:\ggis\ggis\build\x64\debug\moc\moc_whatthisisdialog.cpp
d:\ggis\ggis\build\x64\debug\moc\moc_colorblockwidget.cpp
d:\ggis\ggis\build\x64\debug\moc\moc_viewlogdialog.cpp
d:\ggis\ggis\build\x64\debug\moc\moc_layerstreewidget.cpp
d:\ggis\ggis\build\x64\debug\moc\moc_openglwidget.cpp
d:\ggis\ggis\build\x64\debug\moc\moc_ggis.cpp
d:\ggis\ggis\bin\x64\debug\ggis.lib
d:\ggis\ggis\bin\x64\debug\ggis.exp
d:\ggis\ggis\build\x64\debug\nativecodeanalysis.read.1.tlog
d:\ggis\ggis\build\x64\debug\appevent.nativecodeanalysis.xml
d:\ggis\ggis\build\x64\debug\colorblockwidget.nativecodeanalysis.xml
d:\ggis\ggis\build\x64\debug\env.nativecodeanalysis.xml
d:\ggis\ggis\build\x64\debug\filereader.nativecodeanalysis.xml
d:\ggis\ggis\build\x64\debug\geofeature.nativecodeanalysis.xml
d:\ggis\ggis\build\x64\debug\geofeaturelayer.nativecodeanalysis.xml
d:\ggis\ggis\build\x64\debug\geofeaturelayerproperty.nativecodeanalysis.xml
d:\ggis\ggis\build\x64\debug\geofieldtype.nativecodeanalysis.xml
d:\ggis\ggis\build\x64\debug\geogeometrycollection.nativecodeanalysis.xml
d:\ggis\ggis\build\x64\debug\geolinearring.nativecodeanalysis.xml
d:\ggis\ggis\build\x64\debug\geolinestring.nativecodeanalysis.xml
d:\ggis\ggis\build\x64\debug\geomap.nativecodeanalysis.xml
d:\ggis\ggis\build\x64\debug\geometry.nativecodeanalysis.xml
d:\ggis\ggis\build\x64\debug\geomultilinestring.nativecodeanalysis.xml
d:\ggis\ggis\build\x64\debug\geomultipoint.nativecodeanalysis.xml
d:\ggis\ggis\build\x64\debug\geomultipolygon.nativecodeanalysis.xml
d:\ggis\ggis\build\x64\debug\geopoint.nativecodeanalysis.xml
d:\ggis\ggis\build\x64\debug\geopolygon.nativecodeanalysis.xml
d:\ggis\ggis\build\x64\debug\geo_convert.nativecodeanalysis.xml
d:\ggis\ggis\build\x64\debug\geo_math.nativecodeanalysis.xml
d:\ggis\ggis\build\x64\debug\ggis.nativecodeanalysis.xml
d:\ggis\ggis\build\x64\debug\glcall.nativecodeanalysis.xml
d:\ggis\ggis\build\x64\debug\gridindex.nativecodeanalysis.xml
d:\ggis\ggis\build\x64\debug\indexbuffer.nativecodeanalysis.xml
d:\ggis\ggis\build\x64\debug\layerattributetabledialog.nativecodeanalysis.xml
d:\ggis\ggis\build\x64\debug\layerstreewidget.nativecodeanalysis.xml
d:\ggis\ggis\build\x64\debug\layerstreewidgetitem.nativecodeanalysis.xml
d:\ggis\ggis\build\x64\debug\layerstyledialog.nativecodeanalysis.xml
d:\ggis\ggis\build\x64\debug\main.nativecodeanalysis.xml
d:\ggis\ggis\build\x64\debug\moc_appevent.nativecodeanalysis.xml
d:\ggis\ggis\build\x64\debug\moc_colorblockwidget.nativecodeanalysis.xml
d:\ggis\ggis\build\x64\debug\moc_ggis.nativecodeanalysis.xml
d:\ggis\ggis\build\x64\debug\moc_layerattributetabledialog.nativecodeanalysis.xml
d:\ggis\ggis\build\x64\debug\moc_layerstreewidget.nativecodeanalysis.xml
d:\ggis\ggis\build\x64\debug\moc_layerstyledialog.nativecodeanalysis.xml
d:\ggis\ggis\build\x64\debug\moc_openglwidget.nativecodeanalysis.xml
d:\ggis\ggis\build\x64\debug\moc_operation.nativecodeanalysis.xml
d:\ggis\ggis\build\x64\debug\moc_statusbar.nativecodeanalysis.xml
d:\ggis\ggis\build\x64\debug\moc_toolsbar.nativecodeanalysis.xml
d:\ggis\ggis\build\x64\debug\moc_viewlogdialog.nativecodeanalysis.xml
d:\ggis\ggis\build\x64\debug\moc_whatthisisdialog.nativecodeanalysis.xml
d:\ggis\ggis\build\x64\debug\openglfeaturedescriptor.nativecodeanalysis.xml
d:\ggis\ggis\build\x64\debug\openglwidget.nativecodeanalysis.xml
d:\ggis\ggis\build\x64\debug\operation.nativecodeanalysis.xml
d:\ggis\ggis\build\x64\debug\operationlist.nativecodeanalysis.xml
d:\ggis\ggis\build\x64\debug\renderer.nativecodeanalysis.xml
d:\ggis\ggis\build\x64\debug\shader.nativecodeanalysis.xml
d:\ggis\ggis\build\x64\debug\statusbar.nativecodeanalysis.xml
d:\ggis\ggis\build\x64\debug\toolsbar.nativecodeanalysis.xml
d:\ggis\ggis\build\x64\debug\utility.nativecodeanalysis.xml
d:\ggis\ggis\build\x64\debug\vc.nativecodeanalysis.all.xml
d:\ggis\ggis\build\x64\debug\vertexarray.nativecodeanalysis.xml
d:\ggis\ggis\build\x64\debug\vertexbuffer.nativecodeanalysis.xml
d:\ggis\ggis\build\x64\debug\viewlogdialog.nativecodeanalysis.xml
d:\ggis\ggis\build\x64\debug\whatthisisdialog.nativecodeanalysis.xml
d:\ggis\ggis\bin\x64\debug\ggis.pdb
d:\ggis\ggis\bin\x64\debug\ggis.exe
d:\ggis\ggis\bin\x64\debug\ggis.ilk
d:\ggis\ggis\bin\x64\debug\ggis.exe.lastcodeanalysissucceeded
d:\ggis\ggis\build\x64\debug\ggis.tlog\cl.command.1.tlog
d:\ggis\ggis\build\x64\debug\ggis.tlog\cl.read.1.tlog
d:\ggis\ggis\build\x64\debug\ggis.tlog\cl.write.1.tlog
d:\ggis\ggis\build\x64\debug\ggis.tlog\ggis.write.1u.tlog
d:\ggis\ggis\build\x64\debug\ggis.tlog\link.command.1.tlog
d:\ggis\ggis\build\x64\debug\ggis.tlog\link.read.1.tlog
d:\ggis\ggis\build\x64\debug\ggis.tlog\link.write.1.tlog
d:\ggis\ggis\build\x64\debug\ggis.tlog\moc.read.1u.tlog
d:\ggis\ggis\build\x64\debug\ggis.tlog\moc.write.1u.tlog
